<?xml version="1.0" encoding="UTF-8"?>
<!-- Generated by org.testng.reporters.JUnitReportReporter -->
<testsuite hostname="LAPTOP-SS1OLLQJ" failures="0" tests="1" name="kekaTestCases.TC_Logout" time="9.837" errors="0" timestamp="2025-05-15T12:16:26 IST" skipped="0">
  <testcase classname="kekaTestCases.TC_Logout" name="logout" time="9.837"/>
</testsuite> <!-- kekaTestCases.TC_Logout -->
