<?xml version="1.0" encoding="UTF-8"?>
<!-- Generated by org.testng.reporters.JUnitReportReporter -->
<testsuite hostname="C192" failures="0" tests="1" name="kekaTestCases.TC_HomePage" time="5.250" errors="0" timestamp="2023-02-22T13:00:25 IST" skipped="0">
  <testcase classname="kekaTestCases.TC_HomePage" name="homePageNavigation" time="5.250"/>
  <system-out/>
</testsuite> <!-- kekaTestCases.TC_HomePage -->
