<?xml version="1.0" encoding="UTF-8"?>
<!-- Generated by org.testng.reporters.JUnitReportReporter -->
<testsuite hostname="LAPTOP-SS1OLLQJ" failures="0" tests="1" name="kekaTestCases.TC_LoginPage" time="3.388" errors="0" timestamp="2025-05-15T12:16:26 IST" skipped="0">
  <testcase classname="kekaTestCases.TC_LoginPage" name="login" time="3.388"/>
</testsuite> <!-- kekaTestCases.TC_LoginPage -->
