<?xml version="1.0" encoding="UTF-8"?>
<!-- Generated by org.testng.reporters.JUnitReportReporter -->
<testsuite hostname="LAPTOP-SS1OLLQJ" failures="0" tests="1" name="kekaTestCases.TC_Dashboard" time="15.303" errors="0" timestamp="2025-05-28T17:54:31 IST" skipped="0">
  <testcase classname="kekaTestCases.TC_Dashboard" name="verifyDashboardButtons" time="15.303"/>
</testsuite> <!-- kekaTestCases.TC_Dashboard -->
